C:\Program Files\Microsoft Visual Studio\2022\Community\MSBuild\Microsoft\VC\v170\Microsoft.CppBuild.targets(517,5): warning MSB8028: la directory intermedia (obj\x64\Debug\game-premake-main\) contiene file condivisi da un altro progetto (game-premake-main.vcxproj). Tale condizione può comportare un comportamento di pulizia e ricompilazione non corretto.
  main.c
C:\Users\filip\Documents\GitHub\ProgettoScuola\project_dama_\project\_build\c file\main.c(53,41): warning C4244: 'funzione': conversione da 'float' a 'int'. Possibile perdita di dati.
C:\Users\filip\Documents\GitHub\ProgettoScuola\project_dama_\project\_build\c file\main.c(53,78): warning C4244: 'funzione': conversione da 'float' a 'int'. Possibile perdita di dati.
C:\Users\filip\Documents\GitHub\ProgettoScuola\project_dama_\project\_build\c file\main.c(86,34): warning C4244: 'funzione': conversione da 'int' a 'float'. Possibile perdita di dati.
C:\Users\filip\Documents\GitHub\ProgettoScuola\project_dama_\project\_build\c file\main.c(87,34): warning C4244: 'funzione': conversione da 'int' a 'float'. Possibile perdita di dati.
C:\Users\filip\Documents\GitHub\ProgettoScuola\project_dama_\project\_build\c file\main.c(88,46): warning C4244: 'funzione': conversione da 'int' a 'float'. Possibile perdita di dati.
C:\Users\filip\Documents\GitHub\ProgettoScuola\project_dama_\project\_build\c file\main.c(97,34): warning C4244: 'funzione': conversione da 'int' a 'float'. Possibile perdita di dati.
C:\Users\filip\Documents\GitHub\ProgettoScuola\project_dama_\project\_build\c file\main.c(98,34): warning C4244: 'funzione': conversione da 'int' a 'float'. Possibile perdita di dati.
C:\Users\filip\Documents\GitHub\ProgettoScuola\project_dama_\project\_build\c file\main.c(99,46): warning C4244: 'funzione': conversione da 'int' a 'float'. Possibile perdita di dati.
C:\Users\filip\Documents\GitHub\ProgettoScuola\project_dama_\project\_build\c file\main.c(133,46): warning C4244: 'funzione': conversione da 'int' a 'float'. Possibile perdita di dati.
C:\Users\filip\Documents\GitHub\ProgettoScuola\project_dama_\project\_build\c file\main.c(133,49): warning C4244: 'funzione': conversione da 'int' a 'float'. Possibile perdita di dati.
C:\Users\filip\Documents\GitHub\ProgettoScuola\project_dama_\project\_build\c file\main.c(133,52): warning C4244: 'funzione': conversione da 'int' a 'float'. Possibile perdita di dati.
C:\Users\filip\Documents\GitHub\ProgettoScuola\project_dama_\project\_build\c file\main.c(133,64): warning C4244: 'funzione': conversione da 'int' a 'float'. Possibile perdita di dati.
C:\Users\filip\Documents\GitHub\ProgettoScuola\project_dama_\project\_build\c file\main.c(117,42): warning C4244: 'inizializzazione': conversione da 'int' a 'float'. Possibile perdita di dati.
C:\Users\filip\Documents\GitHub\ProgettoScuola\project_dama_\project\_build\c file\main.c(117,45): warning C4244: 'inizializzazione': conversione da 'int' a 'float'. Possibile perdita di dati.
C:\Users\filip\Documents\GitHub\ProgettoScuola\project_dama_\project\_build\c file\main.c(117,48): warning C4244: 'inizializzazione': conversione da 'int' a 'float'. Possibile perdita di dati.
C:\Users\filip\Documents\GitHub\ProgettoScuola\project_dama_\project\_build\c file\main.c(117,60): warning C4244: 'inizializzazione': conversione da 'int' a 'float'. Possibile perdita di dati.
  LINK : ..\_bin\Debug\game-premake-main.exe non trovato o non compilato dall'ultimo collegamento incrementale; verrà eseguito il collegamento completo
  game-premake-main.vcxproj -> C:\Users\filip\Documents\GitHub\ProgettoScuola\project_dama_\project\_bin\Debug\game-premake-main.exe
